-------------------------------------------------------------------------------
Test set: com.ynov.demo.concession.utils.MathTest
-------------------------------------------------------------------------------
Tests run: 2, Failures: 1, Errors: 0, Skipped: 0, Time elapsed: 0.002 s <<< FAILURE! - in com.ynov.demo.concession.utils.MathTest
carre3  Time elapsed: 0.001 s  <<< FAILURE!
org.opentest4j.AssertionFailedError: expected: <8.0> but was: <9.0>
	at com.ynov.demo.concession.utils.MathTest.carre3(MathTest.java:19)

